#
# There is insufficient memory for the Java Runtime Environment to continue.
# Native memory allocation (mmap) failed to map 268435456 bytes for Failed to commit area from 0x0000000701200000 to 0x0000000711200000 of length 268435456.
# Possible reasons:
#   The system is out of physical RAM or swap space
#   The process is running with CompressedOops enabled, and the Java Heap may be blocking the growth of the native heap
# Possible solutions:
#   Reduce memory load on the system
#   Increase physical memory or swap space
#   Check if swap backing store is full
#   Decrease Java heap size (-Xmx/-Xms)
#   Decrease number of Java threads
#   Decrease Java thread stack sizes (-Xss)
#   Set larger code cache with -XX:ReservedCodeCacheSize=
# This output file may be truncated or incomplete.
#
#  Out of Memory Error (c:/BuildAgent/work/dd4f663211fab7c/src/hotspot/os/windows/os_windows.cpp:3272), pid=12312, tid=13516
#
# JRE version:  (11.0.2+9) (build )
# Java VM: OpenJDK 64-Bit Server VM (11.0.2+9-b159.30, mixed mode, aot, sharing, tiered, compressed oops, g1 gc, windows-amd64)
# No core dump will be written. Minidumps are not enabled by default on client versions of Windows
#

---------------  S U M M A R Y ------------

Command Line: org.jetbrains.git4idea.http.GitAskPassApp Username for 'https://github.com': 

Host: Intel(R) Core(TM) i7-4710MQ CPU @ 2.50GHz, 8 cores, 15G,  Windows 10 , 64 bit Build 18362 (10.0.18362.53)
Time: Mon Apr 22 12:14:02 2019 ?D1¨²¡À¨º¡Á?¨º¡À?? elapsed time: 0 seconds (0d 0h 0m 0s)

---------------  T H R E A D  ---------------

Current thread (0x0000012b6a2b5000):  JavaThread "Unknown thread" [_thread_in_vm, id=13516, stack(0x0000001a65f00000,0x0000001a66000000)]

Stack: [0x0000001a65f00000,0x0000001a66000000]
Native frames: (J=compiled Java code, j=interpreted, Vv=VM code, C=native code)
V  [jvm.dll+0x5da82a]
V  [jvm.dll+0x70b6c9]
V  [jvm.dll+0x70cbe8]
V  [jvm.dll+0x70d2b3]
V  [jvm.dll+0x240f18]
V  [jvm.dll+0x5d7fc4]
V  [jvm.dll+0x5cd115]
V  [jvm.dll+0x2fa5eb]
V  [jvm.dll+0x2fa55a]
V  [jvm.dll+0x2fa432]
V  [jvm.dll+0x2ff316]
V  [jvm.dll+0x347993]
V  [jvm.dll+0x348096]
V  [jvm.dll+0x347a93]
V  [jvm.dll+0x2d5588]
V  [jvm.dll+0x2d66c7]
V  [jvm.dll+0x6eaac7]
V  [jvm.dll+0x6ec22c]
V  [jvm.dll+0x3551c9]
V  [jvm.dll+0x6d274e]
V  [jvm.dll+0x3bd953]
V  [jvm.dll+0x3bfcc1]
C  [java.exe+0x3763]
C  [java.exe+0x17a0c]
C  [KERNEL32.DLL+0x17bd4]
C  [ntdll.dll+0x6ce71]


---------------  P R O C E S S  ---------------

Threads class SMR info:
_java_thread_list=0x0000012b688f94a0, length=0, elements={
}

Java Threads: ( => current thread )

Other Threads:
  0x0000012b6a2cd800 GCTaskThread "GC Thread#0" [stack: 0x0000001a66000000,0x0000001a66100000] [id=16744]
  0x0000012b6a32d800 ConcurrentGCThread "G1 Main Marker" [stack: 0x0000001a66100000,0x0000001a66200000] [id=13044]
  0x0000012b6a32f800 ConcurrentGCThread "G1 Conc#0" [stack: 0x0000001a66200000,0x0000001a66300000] [id=8660]

[error occurred during error reporting (printing all threads), id 0xc0000005, EXCEPTION_ACCESS_VIOLATION (0xc0000005) at pc=0x00007ffe420f5687]

VM state:not at safepoint (not fully initialized)

VM Mutex/Monitor currently owned by a thread:  ([mutex/lock_event])
[0x0000012b6a2b3a20] Heap_lock - owner thread: 0x0000012b6a2b5000

Heap address: 0x0000000701200000, size: 4078 MB, Compressed Oops mode: Non-zero based: 0x0000000701200000
Narrow klass base: 0x0000000000000000, Narrow klass shift: 0

GC Heap History (0 events):
No events

Deoptimization events (0 events):
No events

Classes redefined (0 events):
No events

Internal exceptions (0 events):
No events

Events (0 events):
No events


Dynamic libraries:
0x00007ff738120000 - 0x00007ff738167000 	C:\Users\84681\AppData\Local\JetBrains\IntelliJ IDEA 2019.1\jre64\bin\java.exe
0x00007ffe74300000 - 0x00007ffe744f0000 	C:\WINDOWS\SYSTEM32\ntdll.dll
0x00007ffe73ab0000 - 0x00007ffe73b62000 	C:\WINDOWS\System32\KERNEL32.DLL
0x00007ffe71f70000 - 0x00007ffe72212000 	C:\WINDOWS\System32\KERNELBASE.dll
0x00007ffe725c0000 - 0x00007ffe72753000 	C:\WINDOWS\System32\USER32.dll
0x00007ffe71e80000 - 0x00007ffe71ea1000 	C:\WINDOWS\System32\win32u.dll
0x00007ffe723c0000 - 0x00007ffe723e6000 	C:\WINDOWS\System32\GDI32.dll
0x00007ffe71410000 - 0x00007ffe715a4000 	C:\WINDOWS\System32\gdi32full.dll
0x00007ffe71eb0000 - 0x00007ffe71f4e000 	C:\WINDOWS\System32\msvcp_win.dll
0x00007ffe71d80000 - 0x00007ffe71e7a000 	C:\WINDOWS\System32\ucrtbase.dll
0x00007ffe614a0000 - 0x00007ffe61725000 	C:\WINDOWS\WinSxS\amd64_microsoft.windows.common-controls_6595b64144ccf1df_6.0.18362.53_none_a1435cd8519dc9c0\COMCTL32.dll
0x00007ffe728e0000 - 0x00007ffe7297e000 	C:\WINDOWS\System32\msvcrt.dll
0x00007ffe73c70000 - 0x00007ffe73fa6000 	C:\WINDOWS\System32\combase.dll
0x00007ffe740d0000 - 0x00007ffe741f0000 	C:\WINDOWS\System32\RPCRT4.dll
0x00007ffe72220000 - 0x00007ffe722a1000 	C:\WINDOWS\System32\bcryptPrimitives.dll
0x00007ffe72c80000 - 0x00007ffe72cae000 	C:\WINDOWS\System32\IMM32.DLL
0x00007ffe6a240000 - 0x00007ffe6a257000 	C:\Users\84681\AppData\Local\JetBrains\IntelliJ IDEA 2019.1\jre64\bin\vcruntime140.dll
0x00007ffe54690000 - 0x00007ffe5472d000 	C:\Users\84681\AppData\Local\JetBrains\IntelliJ IDEA 2019.1\jre64\bin\msvcp140.dll
0x00007ffe41e10000 - 0x00007ffe428c6000 	C:\Users\84681\AppData\Local\JetBrains\IntelliJ IDEA 2019.1\jre64\bin\server\jvm.dll
0x00007ffe73fb0000 - 0x00007ffe74053000 	C:\WINDOWS\System32\ADVAPI32.dll
0x00007ffe72cb0000 - 0x00007ffe72d47000 	C:\WINDOWS\System32\sechost.dll
0x00007ffe73c50000 - 0x00007ffe73c58000 	C:\WINDOWS\System32\PSAPI.DLL
0x00007ffe6e380000 - 0x00007ffe6e3a4000 	C:\WINDOWS\SYSTEM32\WINMM.dll
0x00007ffe60f10000 - 0x00007ffe60f19000 	C:\WINDOWS\SYSTEM32\WSOCK32.dll
0x00007ffe6a5e0000 - 0x00007ffe6a5ea000 	C:\WINDOWS\SYSTEM32\VERSION.dll
0x00007ffe74060000 - 0x00007ffe740cf000 	C:\WINDOWS\System32\WS2_32.dll
0x00007ffe6e330000 - 0x00007ffe6e35d000 	C:\WINDOWS\SYSTEM32\winmmbase.dll
0x00007ffe71d30000 - 0x00007ffe71d7a000 	C:\WINDOWS\System32\cfgmgr32.dll
0x00007ffe71220000 - 0x00007ffe71231000 	C:\WINDOWS\System32\kernel.appcore.dll
0x00007ffe65910000 - 0x00007ffe65921000 	C:\Users\84681\AppData\Local\JetBrains\IntelliJ IDEA 2019.1\jre64\bin\verify.dll
0x00007ffe5f910000 - 0x00007ffe5fb04000 	C:\WINDOWS\SYSTEM32\DBGHELP.DLL
0x00007ffe5f740000 - 0x00007ffe5f76a000 	C:\WINDOWS\SYSTEM32\dbgcore.DLL
0x00007ffe61d00000 - 0x00007ffe61d29000 	C:\Users\84681\AppData\Local\JetBrains\IntelliJ IDEA 2019.1\jre64\bin\java.dll
0x00007ffe65860000 - 0x00007ffe65877000 	C:\Users\84681\AppData\Local\JetBrains\IntelliJ IDEA 2019.1\jre64\bin\zip.dll
0x00007ffe6e880000 - 0x00007ffe6e88b000 	C:\Users\84681\AppData\Local\JetBrains\IntelliJ IDEA 2019.1\jre64\bin\jimage.dll

dbghelp: loaded successfully - version: 4.0.5 - missing functions: none
symbol engine: initialized successfully - sym options: 0x614 - pdb path: .;C:\Users\84681\AppData\Local\JetBrains\IntelliJ IDEA 2019.1\jre64\bin;C:\WINDOWS\SYSTEM32;C:\WINDOWS\WinSxS\amd64_microsoft.windows.common-controls_6595b64144ccf1df_6.0.18362.53_none_a1435cd8519dc9c0;C:\Users\84681\AppData\Local\JetBrains\IntelliJ IDEA 2019.1\jre64\bin\server

VM Arguments:
java_command: org.jetbrains.git4idea.http.GitAskPassApp Username for 'https://github.com': 
java_class_path (initial): C:/Users/84681/AppData/Local/JetBrains/IntelliJ IDEA 2019.1/plugins/git4idea/lib/git4idea-rt.jar;C:/Users/84681/AppData/Local/JetBrains/IntelliJ IDEA 2019.1/lib/xmlrpc-2.0.1.jar;C:/Users/84681/AppData/Local/JetBrains/IntelliJ IDEA 2019.1/lib/commons-codec-1.10.jar;C:/Users/84681/AppData/Local/JetBrains/IntelliJ IDEA 2019.1/lib/util.jar
Launcher Type: SUN_STANDARD

[Global flags]
     intx CICompilerCount                          = 4                                         {product} {ergonomic}
     uint ConcGCThreads                            = 2                                         {product} {ergonomic}
     uint G1ConcRefinementThreads                  = 8                                         {product} {ergonomic}
   size_t G1HeapRegionSize                         = 1048576                                   {product} {ergonomic}
    uintx GCDrainStackTargetSize                   = 64                                        {product} {ergonomic}
   size_t InitialHeapSize                          = 268435456                                 {product} {ergonomic}
   size_t MarkStackSize                            = 4194304                                   {product} {ergonomic}
   size_t MaxHeapSize                              = 4276092928                                {product} {ergonomic}
   size_t MinHeapDeltaBytes                        = 1048576                                   {product} {ergonomic}
    uintx NonNMethodCodeHeapSize                   = 5835340                                {pd product} {ergonomic}
    uintx NonProfiledCodeHeapSize                  = 122911450                              {pd product} {ergonomic}
    uintx ProfiledCodeHeapSize                     = 122911450                              {pd product} {ergonomic}
    uintx ReservedCodeCacheSize                    = 251658240                              {pd product} {ergonomic}
     bool SegmentedCodeCache                       = true                                      {product} {ergonomic}
     bool UseCompressedClassPointers               = true                                 {lp64_product} {ergonomic}
     bool UseCompressedOops                        = true                                 {lp64_product} {ergonomic}
     bool UseG1GC                                  = true                                      {product} {ergonomic}
     bool UseLargePagesIndividualAllocation        = false                                  {pd product} {ergonomic}

Logging:
Log output configuration:
 #0: stdout all=warning uptime,level,tags
 #1: stderr all=off uptime,level,tags

Environment Variables:
JAVA_HOME=C:\Program Files\Java\jdk1.8.0_144
PATH=C:\Program Files\Git\mingw64/libexec/git-core;C:\Program Files\Git\mingw64/libexec/git-core;C:\Program Files\Git\mingw64\bin;C:\Program Files\Git\usr\bin;C:\Users\84681\bin;C:\Program Files\VanDyke Software\Clients\;C:\ProgramData\Oracle\Java\javapath;C:\WINDOWS\system32;C:\WINDOWS;C:\WINDOWS\System32\Wbem;C:\WINDOWS\System32\WindowsPowerShell\v1.0\;C:\Program Files (x86)\NVIDIA Corporation\PhysX\Common;C:\WINDOWS\system32;C:\WINDOWS;C:\WINDOWS\System32\Wbem;C:\WINDOWS\System32\WindowsPowerShell\v1.0\;C:\apache-maven-3.5.0\bin;C:\Program Files\Git\cmd;C:\WINDOWS\System32\OpenSSH\;C:\Program Files\Java\jdk1.8.0_144\bin;C:\Program Files\nodejs\;C:\Users\84681\AppData\Local\Microsoft\WindowsApps;;C:\Users\84681\AppData\Local\Programs\Fiddler;C:\Users\84681\AppData\Local\Microsoft\WindowsApps;C:\Users\84681\AppData\Roaming\npm
USERNAME=84681
DISPLAY=:0.0
OS=Windows_NT
PROCESSOR_IDENTIFIER=Intel64 Family 6 Model 60 Stepping 3, GenuineIntel



---------------  S Y S T E M  ---------------

OS: Windows 10 , 64 bit Build 18362 (10.0.18362.53)

CPU:total 8 (initial active 8) (4 cores per cpu, 2 threads per core) family 6 model 60 stepping 3, cmov, cx8, fxsr, mmx, sse, sse2, sse3, ssse3, sse4.1, sse4.2, popcnt, avx, avx2, aes, clmul, erms, lzcnt, ht, tsc, tscinvbit, bmi1, bmi2, fma

Memory: 4k page, system-wide physical 16306M (4524M free)
TotalPageFile size 16306M (AvailPageFile size 241M)
current process WorkingSet (physical memory assigned to process): 10M, peak: 10M
current process commit charge ("private bytes"): 60M, peak: 316M

vm_info: OpenJDK 64-Bit Server VM (11.0.2+9-b159.30) for windows-amd64 JRE (11.0.2+9-b159.30), built on Mar 19 2019 10:32:15 by "" with MS VC++ 14.0 (VS2015)

END.
